<?xml version="1.0" encoding="UTF-8" ?>
<testsuite failures="2" time="0.165" errors="0" skipped="6" tests="41" name="TestSuite">
  <properties>
[...]
</properties>
  <testcase time="0.007" classname="com.sysgears.calculatorserver.kernell.UTestOperations" name="testAdd"/>
  <testcase time="0" classname="com.sysgears.calculatorserver.kernell.UTestOperations" name="testDivide"/>
  <testcase time="0" classname="com.sysgears.calculatorserver.kernell.UTestOperations" name="testDivideZeroException"/>
  <testcase time="0" classname="com.sysgears.calculatorserver.kernell.UTestOperations" name="testMultiply"/>
  <testcase time="0.001" classname="com.sysgears.calculatorserver.kernell.cache.UTestCache" name="testAddToCacheAdd"/>
  <testcase time="0.002" classname="com.sysgears.calculatorserver.kernell.cache.UTestCache" name="testAddToCacheOverflow"/>
  <testcase time="0" classname="com.sysgears.calculatorserver.kernell.cache.UTestCache" name="testClearCache"/>
  <testcase time="0.004" classname="com.sysgears.calculatorserver.kernell.cache.UTestCache" name="testLoadCache">
    <failure message="expected:&lt;3.0&gt; but was:&lt;null&gt;" type="java.lang.AssertionError">java.lang.AssertionError: expected:&lt;3.0&gt; but was:&lt;null&gt;
	at org.testng.Assert.fail(Assert.java:89)
	at org.testng.Assert.failNotEquals(Assert.java:489)
	at org.testng.Assert.assertEquals(Assert.java:118)
	at org.testng.Assert.assertEquals(Assert.java:160)
	at com.sysgears.calculatorserver.kernell.cache.UTestCache.testLoadCache(UTestCache.java:86)
</failure>
    <system-out>Cache file not found.
Cache file not found.
</system-out>
  </testcase>
  <testcase time="0" classname="com.sysgears.calculatorserver.kernell.cache.UTestCache" name="testSaveCache"/>
  <testcase time="0" classname="com.sysgears.calculatorserver.kernell.cache.UTestCache" name="testSearchInCache"/>
  <testcase time="0.002" classname="com.sysgears.calculatorserver.kernell.cache.UTestSaveLoadCache" name="createTestFile">
    <failure message="No such file or directory" type="java.io.IOException">java.io.IOException: No such file or directory
	at java.io.UnixFileSystem.createFileExclusively(Native Method)
	at java.io.File.createNewFile(File.java:947)
	at com.sysgears.calculatorserver.kernell.cache.UTestSaveLoadCache.createTestFile(UTestSaveLoadCache.java:26)
</failure>
  </testcase>
  <testcase time="0.002" classname="com.sysgears.calculatorserver.kernell.cache.UTestSaveLoadCache" name="beforeMethod">
    <skipped/>
  </testcase>
  <testcase time="0" classname="com.sysgears.calculatorserver.kernell.cache.UTestSaveLoadCache" name="testLoadFile">
    <skipped/>
  </testcase>
  <testcase time="0.001" classname="com.sysgears.calculatorserver.kernell.cache.UTestSaveLoadCache" name="afterMethod">
    <skipped/>
  </testcase>
  <testcase time="0.001" classname="com.sysgears.calculatorserver.kernell.cache.UTestSaveLoadCache" name="beforeMethod">
    <skipped/>
  </testcase>
  <testcase time="0.001" classname="com.sysgears.calculatorserver.kernell.cache.UTestSaveLoadCache" name="testWriteFile">
    <skipped/>
  </testcase>
  <testcase time="0.001" classname="com.sysgears.calculatorserver.kernell.cache.UTestSaveLoadCache" name="afterMethod">
    <skipped/>
  </testcase>
  <testcase time="0.106" classname="com.sysgears.calculatorserver.kernell.calculation.UTestAnswerSearcher" name="testGetAnswer"/>
  <testcase time="0.002" classname="com.sysgears.calculatorserver.kernell.calculation.UTestAnswerSearcher" name="testGetAnswer"/>
  <testcase time="0.006" classname="com.sysgears.calculatorserver.kernell.calculation.UTestCalculator" name="bracketsCalculateTest"/>
  <testcase time="0.004" classname="com.sysgears.calculatorserver.kernell.calculation.UTestCalculator" name="calculateStatementErrorExceptionTest"/>
  <testcase time="0.002" classname="com.sysgears.calculatorserver.kernell.calculation.UTestCalculator" name="calculateTest"/>
  <testcase time="0" classname="com.sysgears.calculatorserver.kernell.calculation.UTestCalculator" name="findClothingBracketTest"/>
  <testcase time="0" classname="com.sysgears.calculatorserver.kernell.calculation.UTestCalculator" name="findClothingBracketTestIllegalArgument"/>
  <testcase time="0.001" classname="com.sysgears.calculatorserver.kernell.calculation.UTestCalculator" name="subCalculateTest"/>
  <testcase time="0.001" classname="com.sysgears.calculatorserver.kernell.calculation.UTestCalculator" name="subCalculateTest"/>
  <testcase time="0.001" classname="com.sysgears.calculatorserver.kernell.calculation.UTestCalculator" name="subCalculateTest"/>
  <testcase time="0.001" classname="com.sysgears.calculatorserver.kernell.calculation.UTestCalculator" name="validateRegExpTest"/>
  <testcase time="0" classname="com.sysgears.calculatorserver.kernell.calculation.UTestCalculator" name="validateRegExpTest"/>
  <testcase time="0.001" classname="com.sysgears.calculatorserver.kernell.calculation.UTestCalculator" name="validateRegExpTest"/>
  <testcase time="0.01" classname="com.sysgears.calculatorserver.server.UTestCalculationThread" name="testGetAndProcessStatement"/>
  <testcase time="0.001" classname="com.sysgears.calculatorserver.server.UTestCalculationThread" name="testGetAndProcessStatement"/>
  <testcase time="0.001" classname="com.sysgears.calculatorserver.server.UTestCalculationThread" name="testNormalizeStatement"/>
  <testcase time="0" classname="com.sysgears.calculatorserver.server.UTestCalculationThread" name="testNormalizeStatement"/>
  <testcase time="0.001" classname="com.sysgears.calculatorserver.server.UTestCalculationThread" name="testNormalizeStatement"/>
  <testcase time="0" classname="com.sysgears.calculatorserver.server.UTestCalculationThread" name="testNormalizeStatement"/>
  <testcase time="0.001" classname="com.sysgears.calculatorserver.server.UTestCalculationThread" name="testNormalizeStatement"/>
  <testcase time="0" classname="com.sysgears.calculatorserver.server.UTestCalculationThread" name="testNormalizeStatement"/>
  <testcase time="0.003" classname="com.sysgears.calculatorserver.server.UTestCalculationThread" name="testProcessStatement"/>
  <testcase time="0.001" classname="com.sysgears.calculatorserver.server.UTestCalculationThread" name="testProcessStatement"/>
  <testcase time="0" classname="com.sysgears.calculatorserver.server.UTestCalculationThreadFactory" name="testCreateThread"/>
</testsuite>